{
  "RSpec": {
    "coverage": {
      "/Users/JulianAcosta/Documents/repositories/leap_years/spec/leap_years_spec.rb": {
        "lines": [
          1,
          null,
          1,
          1,
          1,
          null,
          null,
          1,
          1,
          null,
          null,
          1,
          1,
          null,
          null,
          1,
          1,
          null,
          null
        ]
      },
      "/Users/JulianAcosta/Documents/repositories/leap_years/lib/leap_years.rb": {
        "lines": [
          1,
          4,
          2,
          null,
          2,
          null,
          null
        ]
      }
    },
    "timestamp": 1657302990
  }
}
